
> crypto-trading-bot-frontend@0.1.0 start
> react-app-rewired start

Something is already running on port 3000.
 HTTP  6/10/2025 9:11:44 PM ::1 GET /
 HTTP  6/10/2025 9:11:44 PM ::1 Returned 200 in 20 ms
 HTTP  6/10/2025 9:54:22 PM ::1 GET /favicon.ico
 HTTP  6/10/2025 9:54:22 PM ::1 Returned 304 in 5 ms
 HTTP  6/10/2025 9:54:25 PM ::1 GET /favicon.ico
 HTTP  6/10/2025 9:54:25 PM ::1 Returned 304 in 2 ms
 HTTP  6/10/2025 9:54:27 PM ::1 GET /favicon.ico
 HTTP  6/10/2025 9:54:27 PM ::1 Returned 304 in 1 ms

 INFO  Gracefully shutting down. Please wait...
 INFO  Accepting connections at http://localhost:3000
 HTTP  6/10/2025 9:56:02 PM ::1 GET /opportunities
 HTTP  6/10/2025 9:56:02 PM ::1 Returned 304 in 23 ms
 HTTP  6/10/2025 9:56:02 PM ::1 GET /static/js/main.e92fd22f.js
 HTTP  6/10/2025 9:56:02 PM ::1 Returned 304 in 7 ms
 HTTP  6/10/2025 9:56:02 PM ::1 GET /static/css/main.6028708b.css
 HTTP  6/10/2025 9:56:02 PM ::1 Returned 304 in 2 ms
 HTTP  6/10/2025 9:56:03 PM ::1 GET /favicon.ico
 HTTP  6/10/2025 9:56:03 PM ::1 Returned 304 in 2 ms
 HTTP  6/10/2025 9:56:05 PM ::1 GET /favicon.ico
 HTTP  6/10/2025 9:56:05 PM ::1 Returned 304 in 3 ms
 HTTP  6/10/2025 9:56:05 PM ::1 GET /manifest.json
 HTTP  6/10/2025 9:56:05 PM ::1 Returned 304 in 2 ms
 HTTP  6/10/2025 9:56:05 PM ::1 GET /logo192.png
 HTTP  6/10/2025 9:56:05 PM ::1 Returned 304 in 1 ms
 HTTP  6/10/2025 9:56:12 PM ::1 GET /static/css/main.6028708b.css
 HTTP  6/10/2025 9:56:12 PM ::1 Returned 304 in 3 ms
 HTTP  6/10/2025 9:56:12 PM ::1 GET /manifest.json
 HTTP  6/10/2025 9:56:12 PM ::1 Returned 304 in 2 ms
 HTTP  6/10/2025 9:56:12 PM ::1 GET /.well-known/appspecific/com.chrome.devtools.json
 HTTP  6/10/2025 9:56:12 PM ::1 Returned 200 in 2 ms
 HTTP  6/10/2025 9:56:15 PM ::1 GET /static/js/main.e92fd22f.js.map
 HTTP  6/10/2025 9:56:15 PM ::1 Returned 200 in 16 ms
 HTTP  6/10/2025 9:56:15 PM ::1 GET /static/css/main.6028708b.css.map
 HTTP  6/10/2025 9:56:15 PM ::1 Returned 200 in 1 ms
 HTTP  6/10/2025 10:07:34 PM ::1 GET /opportunities
 HTTP  6/10/2025 10:07:34 PM ::1 Returned 304 in 1 ms
 HTTP  6/10/2025 10:07:34 PM ::1 GET /static/js/main.e92fd22f.js
 HTTP  6/10/2025 10:07:34 PM ::1 Returned 304 in 2 ms
 HTTP  6/10/2025 10:07:34 PM ::1 GET /static/css/main.6028708b.css
 HTTP  6/10/2025 10:07:34 PM ::1 Returned 304 in 1 ms
 HTTP  6/10/2025 10:07:35 PM ::1 GET /favicon.ico
 HTTP  6/10/2025 10:07:35 PM ::1 Returned 304 in 2 ms
 HTTP  6/10/2025 10:07:37 PM ::1 GET /favicon.ico
 HTTP  6/10/2025 10:07:37 PM ::1 Returned 304 in 1 ms
 HTTP  6/10/2025 10:07:37 PM ::1 GET /manifest.json
 HTTP  6/10/2025 10:07:37 PM ::1 Returned 304 in 1 ms
 HTTP  6/10/2025 10:07:37 PM ::1 GET /logo192.png
 HTTP  6/10/2025 10:07:37 PM ::1 Returned 304 in 1 ms
 HTTP  6/10/2025 10:08:13 PM ::1 GET /favicon.ico
 HTTP  6/10/2025 10:08:13 PM ::1 Returned 304 in 2 ms
 HTTP  6/10/2025 10:08:22 PM ::1 GET /favicon.ico
 HTTP  6/10/2025 10:08:22 PM ::1 Returned 304 in 10 ms
 HTTP  6/10/2025 10:12:24 PM ::1 GET /opportunities
 HTTP  6/10/2025 10:12:24 PM ::1 Returned 304 in 3 ms
 HTTP  6/10/2025 10:12:24 PM ::1 GET /static/js/main.e92fd22f.js
 HTTP  6/10/2025 10:12:24 PM ::1 GET /static/css/main.6028708b.css
 HTTP  6/10/2025 10:12:24 PM ::1 Returned 304 in 2 ms
 HTTP  6/10/2025 10:12:24 PM ::1 Returned 304 in 1 ms
 HTTP  6/10/2025 10:12:25 PM ::1 GET /favicon.ico
 HTTP  6/10/2025 10:12:25 PM ::1 Returned 304 in 2 ms
 HTTP  6/10/2025 10:12:26 PM ::1 GET /favicon.ico
 HTTP  6/10/2025 10:12:26 PM ::1 Returned 304 in 1 ms
 HTTP  6/10/2025 10:12:26 PM ::1 GET /manifest.json
 HTTP  6/10/2025 10:12:26 PM ::1 Returned 304 in 1 ms
 HTTP  6/10/2025 10:12:26 PM ::1 GET /logo192.png
 HTTP  6/10/2025 10:12:26 PM ::1 Returned 304 in 1 ms
 HTTP  6/10/2025 10:13:23 PM ::1 GET /static/css/main.6028708b.css
 HTTP  6/10/2025 10:13:23 PM ::1 Returned 304 in 0 ms
 HTTP  6/10/2025 10:13:23 PM ::1 GET /manifest.json
 HTTP  6/10/2025 10:13:23 PM ::1 Returned 304 in 1 ms
 HTTP  6/10/2025 10:13:23 PM ::1 GET /.well-known/appspecific/com.chrome.devtools.json
 HTTP  6/10/2025 10:13:23 PM ::1 Returned 304 in 1 ms
 HTTP  6/10/2025 10:13:26 PM ::1 GET /static/js/main.e92fd22f.js.map
 HTTP  6/10/2025 10:13:26 PM ::1 Returned 304 in 1 ms
 HTTP  6/10/2025 10:13:26 PM ::1 GET /static/css/main.6028708b.css.map
 HTTP  6/10/2025 10:13:26 PM ::1 Returned 304 in 1 ms

 INFO  Gracefully shutting down. Please wait...
 INFO  Accepting connections at http://localhost:3000
 HTTP  6/10/2025 10:20:33 PM ::1 GET /favicon.ico
 HTTP  6/10/2025 10:20:33 PM ::1 Returned 304 in 27 ms
 HTTP  6/10/2025 10:20:34 PM ::1 GET /favicon.ico
 HTTP  6/10/2025 10:20:34 PM ::1 Returned 304 in 2 ms
 HTTP  6/10/2025 10:20:39 PM ::1 GET /opportunities
 HTTP  6/10/2025 10:20:39 PM ::1 Returned 304 in 2 ms
 HTTP  6/10/2025 10:20:39 PM ::1 GET /static/js/main.e92fd22f.js
 HTTP  6/10/2025 10:20:39 PM ::1 GET /static/css/main.6028708b.css
 HTTP  6/10/2025 10:20:39 PM ::1 Returned 304 in 5 ms
 HTTP  6/10/2025 10:20:39 PM ::1 Returned 304 in 14 ms
 HTTP  6/10/2025 10:20:39 PM ::1 GET /.well-known/appspecific/com.chrome.devtools.json
 HTTP  6/10/2025 10:20:39 PM ::1 Returned 304 in 1 ms
 HTTP  6/10/2025 10:20:40 PM ::1 GET /favicon.ico
 HTTP  6/10/2025 10:20:40 PM ::1 Returned 304 in 2 ms
 HTTP  6/10/2025 10:20:40 PM ::1 GET /static/js/main.e92fd22f.js.map
 HTTP  6/10/2025 10:20:40 PM ::1 GET /static/css/main.6028708b.css.map
 HTTP  6/10/2025 10:20:40 PM ::1 Returned 304 in 3 ms
 HTTP  6/10/2025 10:20:40 PM ::1 Returned 304 in 20 ms
 HTTP  6/10/2025 10:20:43 PM ::1 GET /favicon.ico
 HTTP  6/10/2025 10:20:43 PM ::1 Returned 304 in 1 ms
 HTTP  6/10/2025 10:20:43 PM ::1 GET /manifest.json
 HTTP  6/10/2025 10:20:43 PM ::1 Returned 304 in 2 ms
 HTTP  6/10/2025 10:20:43 PM ::1 GET /logo192.png
 HTTP  6/10/2025 10:20:43 PM ::1 Returned 304 in 0 ms
 HTTP  6/10/2025 10:27:50 PM ::1 GET /opportunities
 HTTP  6/10/2025 10:27:50 PM ::1 Returned 304 in 3 ms
 HTTP  6/10/2025 10:27:50 PM ::1 GET /static/js/main.e92fd22f.js
 HTTP  6/10/2025 10:27:50 PM ::1 Returned 304 in 1 ms
 HTTP  6/10/2025 10:27:50 PM ::1 GET /static/css/main.6028708b.css
 HTTP  6/10/2025 10:27:50 PM ::1 Returned 304 in 1 ms
 HTTP  6/10/2025 10:27:50 PM ::1 GET /.well-known/appspecific/com.chrome.devtools.json
 HTTP  6/10/2025 10:27:50 PM ::1 Returned 304 in 1 ms
 HTTP  6/10/2025 10:27:50 PM ::1 GET /static/css/main.6028708b.css.map
 HTTP  6/10/2025 10:27:50 PM ::1 Returned 304 in 1 ms
 HTTP  6/10/2025 10:27:51 PM ::1 GET /favicon.ico
 HTTP  6/10/2025 10:27:51 PM ::1 Returned 304 in 1 ms
 HTTP  6/10/2025 10:27:51 PM ::1 GET /static/js/main.e92fd22f.js.map
 HTTP  6/10/2025 10:27:51 PM ::1 Returned 304 in 1 ms
 HTTP  6/10/2025 10:27:53 PM ::1 GET /favicon.ico
 HTTP  6/10/2025 10:27:53 PM ::1 Returned 304 in 2 ms
 HTTP  6/10/2025 10:27:53 PM ::1 GET /manifest.json
 HTTP  6/10/2025 10:27:53 PM ::1 Returned 304 in 1 ms
 HTTP  6/10/2025 10:27:53 PM ::1 GET /logo192.png
 HTTP  6/10/2025 10:27:53 PM ::1 Returned 304 in 2 ms

 INFO  Gracefully shutting down. Please wait...
 INFO  Accepting connections at http://localhost:3000

 INFO  Gracefully shutting down. Please wait...
 INFO  Accepting connections at http://localhost:3000

 INFO  Gracefully shutting down. Please wait...
 INFO  Accepting connections at http://localhost:3000

 INFO  Gracefully shutting down. Please wait...
 INFO  Accepting connections at http://localhost:3000

 INFO  Gracefully shutting down. Please wait...
 INFO  Accepting connections at http://localhost:3000

 INFO  Gracefully shutting down. Please wait...
 INFO  Accepting connections at http://localhost:3000

 INFO  Gracefully shutting down. Please wait...
 INFO  Accepting connections at http://localhost:3000

 INFO  Gracefully shutting down. Please wait...
 INFO  Accepting connections at http://localhost:3000

 INFO  Gracefully shutting down. Please wait...
 INFO  Accepting connections at http://localhost:3000
 HTTP  6/10/2025 11:50:25 PM ::1 GET /opportunities
 HTTP  6/10/2025 11:50:25 PM ::1 Returned 304 in 51 ms
 HTTP  6/10/2025 11:50:25 PM ::1 GET /static/js/main.e92fd22f.js
 HTTP  6/10/2025 11:50:25 PM ::1 Returned 304 in 12 ms
 HTTP  6/10/2025 11:50:25 PM ::1 GET /static/css/main.6028708b.css
 HTTP  6/10/2025 11:50:25 PM ::1 Returned 304 in 8 ms
 HTTP  6/10/2025 11:50:27 PM ::1 GET /favicon.ico
 HTTP  6/10/2025 11:50:27 PM ::1 Returned 304 in 2 ms
 HTTP  6/10/2025 11:50:30 PM ::1 GET /favicon.ico
 HTTP  6/10/2025 11:50:30 PM ::1 Returned 304 in 3 ms
 HTTP  6/10/2025 11:50:30 PM ::1 GET /manifest.json
 HTTP  6/10/2025 11:50:30 PM ::1 Returned 304 in 2 ms
 HTTP  6/10/2025 11:50:30 PM ::1 GET /logo192.png
 HTTP  6/10/2025 11:50:30 PM ::1 Returned 304 in 1 ms
 HTTP  6/10/2025 11:52:08 PM ::1 GET /opportunities
 HTTP  6/10/2025 11:52:08 PM ::1 Returned 304 in 2 ms
 HTTP  6/10/2025 11:52:08 PM ::1 GET /static/js/main.e92fd22f.js
 HTTP  6/10/2025 11:52:08 PM ::1 GET /static/css/main.6028708b.css
 HTTP  6/10/2025 11:52:08 PM ::1 Returned 304 in 4 ms
 HTTP  6/10/2025 11:52:08 PM ::1 Returned 304 in 3 ms
 HTTP  6/10/2025 11:52:09 PM ::1 GET /favicon.ico
 HTTP  6/10/2025 11:52:09 PM ::1 Returned 304 in 2 ms
 HTTP  6/10/2025 11:52:11 PM ::1 GET /favicon.ico
 HTTP  6/10/2025 11:52:11 PM ::1 Returned 304 in 2 ms
 HTTP  6/10/2025 11:52:11 PM ::1 GET /manifest.json
 HTTP  6/10/2025 11:52:11 PM ::1 Returned 304 in 3 ms
 HTTP  6/10/2025 11:52:11 PM ::1 GET /logo192.png
 HTTP  6/10/2025 11:52:11 PM ::1 Returned 304 in 2 ms
 HTTP  6/10/2025 11:52:51 PM ::1 GET /
 HTTP  6/10/2025 11:52:51 PM ::1 Returned 304 in 1 ms
 HTTP  6/10/2025 11:52:51 PM ::1 GET /static/js/main.e92fd22f.js
 HTTP  6/10/2025 11:52:51 PM ::1 Returned 304 in 2 ms
 HTTP  6/10/2025 11:52:51 PM ::1 GET /static/css/main.6028708b.css
 HTTP  6/10/2025 11:52:51 PM ::1 Returned 304 in 3 ms
 HTTP  6/10/2025 11:52:51 PM ::1 GET /favicon.ico
 HTTP  6/10/2025 11:52:51 PM ::1 Returned 304 in 2 ms
 HTTP  6/10/2025 11:52:53 PM ::1 GET /favicon.ico
 HTTP  6/10/2025 11:52:53 PM ::1 Returned 304 in 1 ms
 HTTP  6/10/2025 11:52:53 PM ::1 GET /manifest.json
 HTTP  6/10/2025 11:52:53 PM ::1 Returned 304 in 1 ms
 HTTP  6/10/2025 11:52:53 PM ::1 GET /logo192.png
 HTTP  6/10/2025 11:52:53 PM ::1 Returned 304 in 2 ms
 HTTP  6/10/2025 11:53:10 PM ::1 GET /favicon.ico
 HTTP  6/10/2025 11:53:10 PM ::1 Returned 304 in 2 ms
 HTTP  6/10/2025 11:53:14 PM ::1 GET /favicon.ico
 HTTP  6/10/2025 11:53:14 PM ::1 Returned 304 in 1 ms
 HTTP  6/11/2025 11:22:57 AM ::1 GET /opportunities
 HTTP  6/11/2025 11:22:57 AM ::1 Returned 304 in 4 ms
 HTTP  6/11/2025 11:22:57 AM ::1 GET /static/js/main.e92fd22f.js
 HTTP  6/11/2025 11:22:57 AM ::1 Returned 304 in 4 ms
 HTTP  6/11/2025 11:22:57 AM ::1 GET /static/css/main.6028708b.css
 HTTP  6/11/2025 11:22:57 AM ::1 Returned 304 in 2 ms
 HTTP  6/11/2025 11:22:59 AM ::1 GET /favicon.ico
 HTTP  6/11/2025 11:22:59 AM ::1 Returned 304 in 3 ms
 HTTP  6/11/2025 11:23:03 AM ::1 GET /favicon.ico
 HTTP  6/11/2025 11:23:03 AM ::1 Returned 304 in 2 ms
 HTTP  6/11/2025 11:23:03 AM ::1 GET /manifest.json
 HTTP  6/11/2025 11:23:03 AM ::1 Returned 304 in 1 ms
 HTTP  6/11/2025 11:23:04 AM ::1 GET /logo192.png
 HTTP  6/11/2025 11:23:04 AM ::1 Returned 304 in 6 ms

 INFO  Gracefully shutting down. Please wait...
 INFO  Accepting connections at http://localhost:3000
 HTTP  6/11/2025 11:46:20 AM ::1 GET /opportunities
 HTTP  6/11/2025 11:46:20 AM ::1 Returned 304 in 32 ms
 HTTP  6/11/2025 11:46:20 AM ::1 GET /static/js/main.e92fd22f.js
 HTTP  6/11/2025 11:46:20 AM ::1 Returned 304 in 7 ms
 HTTP  6/11/2025 11:46:20 AM ::1 GET /static/css/main.6028708b.css
 HTTP  6/11/2025 11:46:20 AM ::1 Returned 304 in 3 ms
 HTTP  6/11/2025 11:46:21 AM ::1 GET /favicon.ico
 HTTP  6/11/2025 11:46:21 AM ::1 Returned 304 in 3 ms
 HTTP  6/11/2025 11:46:24 AM ::1 GET /favicon.ico
 HTTP  6/11/2025 11:46:24 AM ::1 Returned 304 in 3 ms
 HTTP  6/11/2025 11:46:24 AM ::1 GET /manifest.json
 HTTP  6/11/2025 11:46:24 AM ::1 Returned 304 in 3 ms
 HTTP  6/11/2025 11:46:24 AM ::1 GET /logo192.png
 HTTP  6/11/2025 11:46:24 AM ::1 Returned 304 in 3 ms
 HTTP  6/11/2025 11:46:35 AM ::1 GET /static/css/main.6028708b.css
 HTTP  6/11/2025 11:46:35 AM ::1 GET /manifest.json
 HTTP  6/11/2025 11:46:35 AM ::1 Returned 304 in 2 ms
 HTTP  6/11/2025 11:46:35 AM ::1 Returned 304 in 2 ms
 HTTP  6/11/2025 11:46:36 AM ::1 GET /.well-known/appspecific/com.chrome.devtools.json
 HTTP  6/11/2025 11:46:36 AM ::1 Returned 304 in 2 ms
 HTTP  6/11/2025 11:46:38 AM ::1 GET /static/js/main.e92fd22f.js.map
 HTTP  6/11/2025 11:46:38 AM ::1 Returned 304 in 10 ms
 HTTP  6/11/2025 11:46:38 AM ::1 GET /static/css/main.6028708b.css.map
 HTTP  6/11/2025 11:46:38 AM ::1 Returned 304 in 1 ms
 HTTP  6/11/2025 11:51:00 AM ::1 GET /opportunities
 HTTP  6/11/2025 11:51:00 AM ::1 Returned 304 in 5 ms
 HTTP  6/11/2025 11:51:00 AM ::1 GET /static/js/main.e92fd22f.js
 HTTP  6/11/2025 11:51:00 AM ::1 GET /static/css/main.6028708b.css
 HTTP  6/11/2025 11:51:00 AM ::1 Returned 304 in 2 ms
 HTTP  6/11/2025 11:51:00 AM ::1 Returned 304 in 2 ms
 HTTP  6/11/2025 11:51:01 AM ::1 GET /favicon.ico
 HTTP  6/11/2025 11:51:01 AM ::1 Returned 304 in 1 ms
 HTTP  6/11/2025 11:51:03 AM ::1 GET /favicon.ico
 HTTP  6/11/2025 11:51:03 AM ::1 Returned 304 in 0 ms
 HTTP  6/11/2025 11:51:03 AM ::1 GET /manifest.json
 HTTP  6/11/2025 11:51:03 AM ::1 Returned 304 in 1 ms
 HTTP  6/11/2025 11:51:03 AM ::1 GET /logo192.png
 HTTP  6/11/2025 11:51:03 AM ::1 Returned 304 in 0 ms
 HTTP  6/11/2025 12:01:28 PM ::1 GET /opportunities
 HTTP  6/11/2025 12:01:28 PM ::1 Returned 304 in 2 ms
 HTTP  6/11/2025 12:01:28 PM ::1 GET /static/js/main.e92fd22f.js
 HTTP  6/11/2025 12:01:28 PM ::1 Returned 304 in 1 ms
 HTTP  6/11/2025 12:01:28 PM ::1 GET /static/css/main.6028708b.css
 HTTP  6/11/2025 12:01:28 PM ::1 Returned 304 in 2 ms
 HTTP  6/11/2025 12:01:29 PM ::1 GET /favicon.ico
 HTTP  6/11/2025 12:01:29 PM ::1 Returned 304 in 2 ms
 HTTP  6/11/2025 12:01:31 PM ::1 GET /favicon.ico
 HTTP  6/11/2025 12:01:31 PM ::1 Returned 304 in 4 ms
 HTTP  6/11/2025 12:01:31 PM ::1 GET /manifest.json
 HTTP  6/11/2025 12:01:31 PM ::1 Returned 304 in 3 ms
 HTTP  6/11/2025 12:01:32 PM ::1 GET /logo192.png
 HTTP  6/11/2025 12:01:32 PM ::1 Returned 304 in 1 ms
 HTTP  6/11/2025 12:06:43 PM ::1 GET /opportunities
 HTTP  6/11/2025 12:06:43 PM ::1 Returned 304 in 2 ms
 HTTP  6/11/2025 12:06:43 PM ::1 GET /static/js/main.e92fd22f.js
 HTTP  6/11/2025 12:06:43 PM ::1 Returned 304 in 1 ms
 HTTP  6/11/2025 12:06:43 PM ::1 GET /static/css/main.6028708b.css
 HTTP  6/11/2025 12:06:43 PM ::1 Returned 304 in 1 ms
 HTTP  6/11/2025 12:06:44 PM ::1 GET /favicon.ico
 HTTP  6/11/2025 12:06:44 PM ::1 Returned 304 in 1 ms
 HTTP  6/11/2025 12:06:45 PM ::1 GET /favicon.ico
 HTTP  6/11/2025 12:06:45 PM ::1 Returned 304 in 1 ms
 HTTP  6/11/2025 12:06:45 PM ::1 GET /manifest.json
 HTTP  6/11/2025 12:06:45 PM ::1 Returned 304 in 1 ms
 HTTP  6/11/2025 12:06:45 PM ::1 GET /logo192.png
 HTTP  6/11/2025 12:06:45 PM ::1 Returned 304 in 1 ms

 INFO  Gracefully shutting down. Please wait...
 WARN  Checking for updates failed (use `--debug` to see full error)
 INFO  Accepting connections at http://localhost:3000
 HTTP  6/11/2025 6:38:36 PM ::1 GET /manifest.json
 HTTP  6/11/2025 6:38:36 PM ::1 Returned 304 in 116 ms
 HTTP  6/11/2025 6:38:36 PM ::1 GET /favicon.ico
 HTTP  6/11/2025 6:38:36 PM ::1 Returned 304 in 13 ms
 HTTP  6/11/2025 6:38:36 PM ::1 GET /logo192.png
 HTTP  6/11/2025 6:38:36 PM ::1 Returned 304 in 3 ms
